CRITICAL - 2023-11-06 01:29:34 --> Too few arguments to function CodeIgniter\Validation\Validation::showError(), 0 passed in C:\xampp\htdocs\turismo\app\Views\login\login.php on line 41 and at least 1 expected
in SYSTEMPATH\Validation\Validation.php on line 666.
 1 APPPATH\Views\login\login.php(41): CodeIgniter\Validation\Validation->showError()
 2 SYSTEMPATH\View\View.php(228): include('C:\\xampp\\htdocs\\turismo\\app\\Views\\login\\login.php')
 3 SYSTEMPATH\View\View.php(231): CodeIgniter\View\View->CodeIgniter\View\{closure}()
 4 SYSTEMPATH\Common.php(1190): CodeIgniter\View\View->render('login/login', [], true)
 5 APPPATH\Controllers\Usuario.php(38): view('login/login', [...])
 6 SYSTEMPATH\CodeIgniter.php(942): App\Controllers\Usuario->login()
 7 SYSTEMPATH\CodeIgniter.php(502): CodeIgniter\CodeIgniter->runController(Object(App\Controllers\Usuario))
 8 SYSTEMPATH\CodeIgniter.php(361): CodeIgniter\CodeIgniter->handleRequest(null, Object(Config\Cache), false)
 9 FCPATH\index.php(79): CodeIgniter\CodeIgniter->run()
CRITICAL - 2023-11-06 01:29:54 --> Call to undefined method CodeIgniter\Validation\Validation::showErrors()
in APPPATH\Views\login\login.php on line 41.
 1 SYSTEMPATH\View\View.php(228): include()
 2 SYSTEMPATH\View\View.php(231): CodeIgniter\View\View->CodeIgniter\View\{closure}()
 3 SYSTEMPATH\Common.php(1190): CodeIgniter\View\View->render('login/login', [], true)
 4 APPPATH\Controllers\Usuario.php(38): view('login/login', [...])
 5 SYSTEMPATH\CodeIgniter.php(942): App\Controllers\Usuario->login()
 6 SYSTEMPATH\CodeIgniter.php(502): CodeIgniter\CodeIgniter->runController(Object(App\Controllers\Usuario))
 7 SYSTEMPATH\CodeIgniter.php(361): CodeIgniter\CodeIgniter->handleRequest(null, Object(Config\Cache), false)
 8 FCPATH\index.php(79): CodeIgniter\CodeIgniter->run()
CRITICAL - 2023-11-06 01:33:03 --> Undefined array key 0
in APPPATH\Views\login\login.php on line 43.
 1 APPPATH\Views\login\login.php(43): CodeIgniter\Debug\Exceptions->errorHandler(2, 'Undefined array key 0', 'C:\\xampp\\htdocs\\turismo\\app\\Views\\login\\login.php', 43)
 2 SYSTEMPATH\View\View.php(228): include('C:\\xampp\\htdocs\\turismo\\app\\Views\\login\\login.php')
 3 SYSTEMPATH\View\View.php(231): CodeIgniter\View\View->CodeIgniter\View\{closure}()
 4 SYSTEMPATH\Common.php(1190): CodeIgniter\View\View->render('login/login', [], true)
 5 APPPATH\Controllers\Usuario.php(38): view('login/login', [...])
 6 SYSTEMPATH\CodeIgniter.php(942): App\Controllers\Usuario->login()
 7 SYSTEMPATH\CodeIgniter.php(502): CodeIgniter\CodeIgniter->runController(Object(App\Controllers\Usuario))
 8 SYSTEMPATH\CodeIgniter.php(361): CodeIgniter\CodeIgniter->handleRequest(null, Object(Config\Cache), false)
 9 FCPATH\index.php(79): CodeIgniter\CodeIgniter->run()
CRITICAL - 2023-11-06 01:37:09 --> Undefined array key 0
in APPPATH\Views\login\login.php on line 44.
 1 APPPATH\Views\login\login.php(44): CodeIgniter\Debug\Exceptions->errorHandler(2, 'Undefined array key 0', 'C:\\xampp\\htdocs\\turismo\\app\\Views\\login\\login.php', 44)
 2 SYSTEMPATH\View\View.php(228): include('C:\\xampp\\htdocs\\turismo\\app\\Views\\login\\login.php')
 3 SYSTEMPATH\View\View.php(231): CodeIgniter\View\View->CodeIgniter\View\{closure}()
 4 SYSTEMPATH\Common.php(1190): CodeIgniter\View\View->render('login/login', [], true)
 5 APPPATH\Controllers\Usuario.php(38): view('login/login', [...])
 6 SYSTEMPATH\CodeIgniter.php(942): App\Controllers\Usuario->login()
 7 SYSTEMPATH\CodeIgniter.php(502): CodeIgniter\CodeIgniter->runController(Object(App\Controllers\Usuario))
 8 SYSTEMPATH\CodeIgniter.php(361): CodeIgniter\CodeIgniter->handleRequest(null, Object(Config\Cache), false)
 9 FCPATH\index.php(79): CodeIgniter\CodeIgniter->run()
CRITICAL - 2023-11-06 01:37:24 --> Call to a member function get() on array
in APPPATH\Views\login\login.php on line 44.
 1 SYSTEMPATH\View\View.php(228): include()
 2 SYSTEMPATH\View\View.php(231): CodeIgniter\View\View->CodeIgniter\View\{closure}()
 3 SYSTEMPATH\Common.php(1190): CodeIgniter\View\View->render('login/login', [], true)
 4 APPPATH\Controllers\Usuario.php(38): view('login/login', [...])
 5 SYSTEMPATH\CodeIgniter.php(942): App\Controllers\Usuario->login()
 6 SYSTEMPATH\CodeIgniter.php(502): CodeIgniter\CodeIgniter->runController(Object(App\Controllers\Usuario))
 7 SYSTEMPATH\CodeIgniter.php(361): CodeIgniter\CodeIgniter->handleRequest(null, Object(Config\Cache), false)
 8 FCPATH\index.php(79): CodeIgniter\CodeIgniter->run()
ERROR - 2023-11-06 05:28:17 --> Error connecting to the database: mysqli_sql_exception: Access denied for user 'u787956442_gad'@'localhost' to database 'u787956442_turismo' in /home/u787956442/domains/uealecpeterson.net/public_html/turismo/system/Database/MySQLi/Connection.php:185
Stack trace:
#0 /home/u787956442/domains/uealecpeterson.net/public_html/turismo/system/Database/MySQLi/Connection.php(185): mysqli->real_connect('localhost', 'u787956442_gad', 'Uteq2023*', 'u787956442_turi...', 3306, '', 0)
#1 /home/u787956442/domains/uealecpeterson.net/public_html/turismo/system/Database/BaseConnection.php(392): CodeIgniter\Database\MySQLi\Connection->connect(false)
#2 /home/u787956442/domains/uealecpeterson.net/public_html/turismo/system/Database/BaseConnection.php(575): CodeIgniter\Database\BaseConnection->initialize()
#3 /home/u787956442/domains/uealecpeterson.net/public_html/turismo/system/Database/BaseBuilder.php(1615): CodeIgniter\Database\BaseConnection->query('SELECT *\nFROM `...', Array, false)
#4 /home/u787956442/domains/uealecpeterson.net/public_html/turismo/system/Model.php(264): CodeIgniter\Database\BaseBuilder->get()
#5 /home/u787956442/domains/uealecpeterson.net/public_html/turismo/system/BaseModel.php(662): CodeIgniter\Model->doFirst()
#6 /home/u787956442/domains/uealecpeterson.net/public_html/turismo/app/Validation/Userrules.php(24): CodeIgniter\BaseModel->first()
#7 /home/u787956442/domains/uealecpeterson.net/public_html/turismo/system/Validation/Validation.php(311): App\Validation\Userrules->existsUser('1205150087', 'cedula', Array, NULL, 'cedula')
#8 /home/u787956442/domains/uealecpeterson.net/public_html/turismo/system/Validation/Validation.php(197): CodeIgniter\Validation\Validation->processRules('cedula', 'cedula', '1205150087', Array, Array)
#9 /home/u787956442/domains/uealecpeterson.net/public_html/turismo/system/Controller.php(152): CodeIgniter\Validation\Validation->run()
#10 /home/u787956442/domains/uealecpeterson.net/public_html/turismo/app/Controllers/Usuario.php(35): CodeIgniter\Controller->validate(Array, Array)
#11 /home/u787956442/domains/uealecpeterson.net/public_html/turismo/system/CodeIgniter.php(942): App\Controllers\Usuario->login()
#12 /home/u787956442/domains/uealecpeterson.net/public_html/turismo/system/CodeIgniter.php(502): CodeIgniter\CodeIgniter->runController(Object(App\Controllers\Usuario))
#13 /home/u787956442/domains/uealecpeterson.net/public_html/turismo/system/CodeIgniter.php(361): CodeIgniter\CodeIgniter->handleRequest(NULL, Object(Config\Cache), false)
#14 /home/u787956442/domains/uealecpeterson.net/public_html/turismo/index.php(79): CodeIgniter\CodeIgniter->run()
#15 {main}

Next CodeIgniter\Database\Exceptions\DatabaseException: Access denied for user '****'@'localhost' to database 'u787956442_turismo' in /home/u787956442/domains/uealecpeterson.net/public_html/turismo/system/Database/MySQLi/Connection.php:229
Stack trace:
#0 /home/u787956442/domains/uealecpeterson.net/public_html/turismo/system/Database/BaseConnection.php(392): CodeIgniter\Database\MySQLi\Connection->connect(false)
#1 /home/u787956442/domains/uealecpeterson.net/public_html/turismo/system/Database/BaseConnection.php(575): CodeIgniter\Database\BaseConnection->initialize()
#2 /home/u787956442/domains/uealecpeterson.net/public_html/turismo/system/Database/BaseBuilder.php(1615): CodeIgniter\Database\BaseConnection->query('SELECT *\nFROM `...', Array, false)
#3 /home/u787956442/domains/uealecpeterson.net/public_html/turismo/system/Model.php(264): CodeIgniter\Database\BaseBuilder->get()
#4 /home/u787956442/domains/uealecpeterson.net/public_html/turismo/system/BaseModel.php(662): CodeIgniter\Model->doFirst()
#5 /home/u787956442/domains/uealecpeterson.net/public_html/turismo/app/Validation/Userrules.php(24): CodeIgniter\BaseModel->first()
#6 /home/u787956442/domains/uealecpeterson.net/public_html/turismo/system/Validation/Validation.php(311): App\Validation\Userrules->existsUser('1205150087', 'cedula', Array, NULL, 'cedula')
#7 /home/u787956442/domains/uealecpeterson.net/public_html/turismo/system/Validation/Validation.php(197): CodeIgniter\Validation\Validation->processRules('cedula', 'cedula', '1205150087', Array, Array)
#8 /home/u787956442/domains/uealecpeterson.net/public_html/turismo/system/Controller.php(152): CodeIgniter\Validation\Validation->run()
#9 /home/u787956442/domains/uealecpeterson.net/public_html/turismo/app/Controllers/Usuario.php(35): CodeIgniter\Controller->validate(Array, Array)
#10 /home/u787956442/domains/uealecpeterson.net/public_html/turismo/system/CodeIgniter.php(942): App\Controllers\Usuario->login()
#11 /home/u787956442/domains/uealecpeterson.net/public_html/turismo/system/CodeIgniter.php(502): CodeIgniter\CodeIgniter->runController(Object(App\Controllers\Usuario))
#12 /home/u787956442/domains/uealecpeterson.net/public_html/turismo/system/CodeIgniter.php(361): CodeIgniter\CodeIgniter->handleRequest(NULL, Object(Config\Cache), false)
#13 /home/u787956442/domains/uealecpeterson.net/public_html/turismo/index.php(79): CodeIgniter\CodeIgniter->run()
#14 {main}
CRITICAL - 2023-11-06 05:28:17 --> Unable to connect to the database.
Main connection [MySQLi]: Access denied for user '****'@'localhost' to database 'u787956442_turismo'
in SYSTEMPATH/Database/BaseConnection.php on line 428.
 1 SYSTEMPATH/Database/BaseConnection.php(575): CodeIgniter\Database\BaseConnection->initialize()
 2 SYSTEMPATH/Database/BaseBuilder.php(1615): CodeIgniter\Database\BaseConnection->query('SELECT *
FROM `usuario`
WHERE `cedula` = :cedula:
 LIMIT 1', [...], false)
 3 SYSTEMPATH/Model.php(264): CodeIgniter\Database\BaseBuilder->get()
 4 SYSTEMPATH/BaseModel.php(662): CodeIgniter\Model->doFirst()
 5 APPPATH/Validation/Userrules.php(24): CodeIgniter\BaseModel->first()
 6 SYSTEMPATH/Validation/Validation.php(311): App\Validation\Userrules->existsUser('1205150087', 'cedula', [...], null, 'cedula')
 7 SYSTEMPATH/Validation/Validation.php(197): CodeIgniter\Validation\Validation->processRules('cedula', 'cedula', '1205150087', [...], [...])
 8 SYSTEMPATH/Controller.php(152): CodeIgniter\Validation\Validation->run()
 9 APPPATH/Controllers/Usuario.php(35): CodeIgniter\Controller->validate([...], [...])
10 SYSTEMPATH/CodeIgniter.php(942): App\Controllers\Usuario->login()
11 SYSTEMPATH/CodeIgniter.php(502): CodeIgniter\CodeIgniter->runController(Object(App\Controllers\Usuario))
12 SYSTEMPATH/CodeIgniter.php(361): CodeIgniter\CodeIgniter->handleRequest(null, Object(Config\Cache), false)
13 FCPATH/index.php(79): CodeIgniter\CodeIgniter->run()
